TN:
SF:/home/giorgio/Documents/FuzzCademy/BootCamp/morpho-blue-second-try/lib/chimera/src/Asserts.sol
DA:1,0
end_of_record

SF:/home/giorgio/Documents/FuzzCademy/BootCamp/morpho-blue-second-try/lib/chimera/src/BaseProperties.sol
end_of_record

SF:/home/giorgio/Documents/FuzzCademy/BootCamp/morpho-blue-second-try/lib/chimera/src/BaseSetup.sol
end_of_record

SF:/home/giorgio/Documents/FuzzCademy/BootCamp/morpho-blue-second-try/lib/chimera/src/BaseTargetFunctions.sol
end_of_record

SF:/home/giorgio/Documents/FuzzCademy/BootCamp/morpho-blue-second-try/lib/chimera/src/CryticAsserts.sol
DA:6,0
DA:44,4
DA:45,4
DA:46,0
DA:47,0
end_of_record

SF:/home/giorgio/Documents/FuzzCademy/BootCamp/morpho-blue-second-try/lib/chimera/src/FoundryAsserts.sol
DA:7,0
DA:28,0
DA:29,0
end_of_record

SF:/home/giorgio/Documents/FuzzCademy/BootCamp/morpho-blue-second-try/lib/chimera/src/Hevm.sol
end_of_record

SF:/home/giorgio/Documents/FuzzCademy/BootCamp/morpho-blue-second-try/lib/forge-std/src/Base.sol
end_of_record

SF:/home/giorgio/Documents/FuzzCademy/BootCamp/morpho-blue-second-try/lib/forge-std/src/StdAssertions.sol
DA:8,0
DA:38,0
DA:39,0
DA:40,0
DA:42,0
DA:55,0
DA:56,0
end_of_record

SF:/home/giorgio/Documents/FuzzCademy/BootCamp/morpho-blue-second-try/lib/forge-std/src/StdChains.sol
DA:66,0
end_of_record

SF:/home/giorgio/Documents/FuzzCademy/BootCamp/morpho-blue-second-try/lib/forge-std/src/StdCheats.sol
end_of_record

SF:/home/giorgio/Documents/FuzzCademy/BootCamp/morpho-blue-second-try/lib/forge-std/src/StdError.sol
DA:5,0
DA:6,0
DA:7,0
DA:8,0
DA:9,0
DA:10,0
DA:11,0
DA:12,0
DA:13,0
DA:14,0
end_of_record

SF:/home/giorgio/Documents/FuzzCademy/BootCamp/morpho-blue-second-try/lib/forge-std/src/StdInvariant.sol
DA:83,0
DA:84,0
DA:87,0
DA:88,0
DA:91,0
DA:92,0
DA:95,0
DA:96,0
DA:99,0
DA:100,0
DA:103,0
DA:104,0
DA:107,0
DA:108,0
DA:111,0
DA:112,0
DA:115,0
DA:116,0
DA:119,0
DA:120,0
end_of_record

SF:/home/giorgio/Documents/FuzzCademy/BootCamp/morpho-blue-second-try/lib/forge-std/src/StdJson.sol
DA:25,0
end_of_record

SF:/home/giorgio/Documents/FuzzCademy/BootCamp/morpho-blue-second-try/lib/forge-std/src/StdMath.sol
DA:4,0
end_of_record

SF:/home/giorgio/Documents/FuzzCademy/BootCamp/morpho-blue-second-try/lib/forge-std/src/StdStorage.sol
DA:24,0
DA:334,0
end_of_record

SF:/home/giorgio/Documents/FuzzCademy/BootCamp/morpho-blue-second-try/lib/forge-std/src/StdStyle.sol
DA:6,0
end_of_record

SF:/home/giorgio/Documents/FuzzCademy/BootCamp/morpho-blue-second-try/lib/forge-std/src/StdToml.sol
DA:25,0
end_of_record

SF:/home/giorgio/Documents/FuzzCademy/BootCamp/morpho-blue-second-try/lib/forge-std/src/StdUtils.sol
end_of_record

SF:/home/giorgio/Documents/FuzzCademy/BootCamp/morpho-blue-second-try/lib/forge-std/src/Test.sol
DA:32,0
end_of_record

SF:/home/giorgio/Documents/FuzzCademy/BootCamp/morpho-blue-second-try/lib/forge-std/src/Vm.sol
end_of_record

SF:/home/giorgio/Documents/FuzzCademy/BootCamp/morpho-blue-second-try/lib/forge-std/src/console.sol
DA:4,0
DA:6,0
DA:8,0
DA:9,0
DA:11,0
DA:12,0
DA:13,0
DA:14,0
DA:15,0
DA:16,0
DA:17,0
DA:18,0
DA:19,0
DA:25,0
DA:27,0
DA:29,0
DA:33,0
DA:34,0
DA:209,0
DA:210,0
end_of_record

SF:/home/giorgio/Documents/FuzzCademy/BootCamp/morpho-blue-second-try/lib/forge-std/src/console2.sol
end_of_record

SF:/home/giorgio/Documents/FuzzCademy/BootCamp/morpho-blue-second-try/lib/forge-std/src/interfaces/IERC165.sol
end_of_record

SF:/home/giorgio/Documents/FuzzCademy/BootCamp/morpho-blue-second-try/lib/forge-std/src/interfaces/IERC20.sol
end_of_record

SF:/home/giorgio/Documents/FuzzCademy/BootCamp/morpho-blue-second-try/lib/forge-std/src/interfaces/IERC721.sol
end_of_record

SF:/home/giorgio/Documents/FuzzCademy/BootCamp/morpho-blue-second-try/lib/forge-std/src/interfaces/IMulticall3.sol
end_of_record

SF:/home/giorgio/Documents/FuzzCademy/BootCamp/morpho-blue-second-try/lib/forge-std/src/mocks/MockERC20.sol
DA:8,0
DA:19,0
DA:20,0
DA:23,0
DA:24,0
DA:27,0
DA:28,0
DA:41,0
DA:42,0
DA:45,0
DA:46,0
DA:49,0
DA:50,0
DA:61,0
DA:72,0
DA:73,0
DA:75,0
DA:76,0
DA:77,0
DA:79,0
DA:80,0
DA:82,0
DA:89,0
DA:90,0
DA:92,0
DA:94,0
DA:97,0
DA:98,0
DA:99,0
DA:101,0
DA:103,0
DA:106,0
DA:107,0
DA:109,0
DA:111,0
DA:112,0
DA:114,0
DA:116,0
DA:123,0
DA:126,0
DA:127,0
DA:129,0
DA:130,0
DA:131,0
DA:133,0
DA:134,0
DA:135,0
DA:136,0
DA:139,0
DA:140,0
DA:141,0
DA:142,0
DA:143,0
DA:148,0
DA:149,0
DA:150,0
DA:153,0
DA:155,0
DA:157,0
DA:160,0
DA:161,0
DA:164,0
DA:165,0
DA:166,0
DA:167,0
DA:168,0
DA:169,0
DA:170,0
DA:171,0
DA:198,0
DA:199,0
DA:200,0
DA:201,0
DA:204,0
DA:205,0
DA:206,0
DA:217,0
DA:220,0
DA:226,0
DA:227,0
DA:228,0
DA:230,0
DA:232,0
end_of_record

SF:/home/giorgio/Documents/FuzzCademy/BootCamp/morpho-blue-second-try/lib/forge-std/src/mocks/MockERC721.sol
DA:8,0
DA:17,0
DA:18,0
DA:21,0
DA:22,0
DA:25,0
DA:35,0
DA:36,0
DA:39,0
DA:40,0
DA:42,0
DA:53,0
DA:54,0
DA:57,0
DA:58,0
DA:70,0
DA:71,0
DA:73,0
DA:74,0
DA:76,0
DA:83,0
DA:84,0
DA:86,0
DA:88,0
DA:90,0
DA:93,0
DA:94,0
DA:96,0
DA:99,0
DA:100,0
DA:102,0
DA:104,0
DA:105,0
DA:111,0
DA:113,0
DA:115,0
DA:117,0
DA:119,0
DA:122,0
DA:123,0
DA:125,0
DA:126,0
DA:127,0
DA:128,0
DA:133,0
DA:139,0
DA:141,0
DA:142,0
DA:143,0
DA:144,0
DA:153,0
DA:154,0
DA:155,0
DA:156,0
DA:221,0
DA:222,0
DA:226,0
DA:229,0
end_of_record

SF:/home/giorgio/Documents/FuzzCademy/BootCamp/morpho-blue-second-try/lib/forge-std/src/safeconsole.sol
DA:6,0
end_of_record

SF:/home/giorgio/Documents/FuzzCademy/BootCamp/morpho-blue-second-try/lib/openzeppelin-contracts/contracts/token/ERC20/ERC20.sol
DA:35,0
DA:54,36
DA:55,11
DA:56,11
DA:62,0
DA:63,0
DA:70,0
DA:71,0
DA:87,0
DA:88,0
DA:94,0
DA:95,0
DA:101,0
DA:102,0
DA:113,40
DA:114,7
DA:115,7
DA:116,4
DA:122,7
DA:123,38
DA:136,40
DA:137,7
DA:138,7
DA:139,4
DA:158,40
DA:162,1
DA:163,7
DA:164,7
DA:165,7
DA:166,4
DA:181,0
DA:182,0
DA:183,0
DA:184,0
DA:201,0
DA:202,0
DA:203,0
DA:204,0
DA:206,0
DA:209,0
DA:226,5
DA:230,1
DA:231,10
DA:232,10
DA:234,7
DA:236,22
DA:237,26
DA:239,25
DA:242,31
DA:245,23
DA:247,7
DA:259,4
DA:260,10
DA:262,7
DA:264,19
DA:267,31
DA:269,23
DA:271,7
DA:316,5
DA:321,10
DA:322,10
DA:324,40
DA:325,23
DA:336,5
DA:340,1
DA:341,9
DA:342,6
DA:343,26
DA:345,9
DA:364,5
DA:384,5
end_of_record

SF:/home/giorgio/Documents/FuzzCademy/BootCamp/morpho-blue-second-try/lib/openzeppelin-contracts/contracts/token/ERC20/IERC20.sol
end_of_record

SF:/home/giorgio/Documents/FuzzCademy/BootCamp/morpho-blue-second-try/lib/openzeppelin-contracts/contracts/token/ERC20/extensions/IERC20Metadata.sol
end_of_record

SF:/home/giorgio/Documents/FuzzCademy/BootCamp/morpho-blue-second-try/lib/openzeppelin-contracts/contracts/utils/Context.sol
DA:17,4
DA:18,3
end_of_record

SF:/home/giorgio/Documents/FuzzCademy/BootCamp/morpho-blue-second-try/src/Morpho.sol
DA:39,189
DA:50,0
DA:55,0
DA:57,0
DA:59,95
DA:61,0
DA:63,0
DA:65,0
DA:67,0
DA:69,0
DA:71,0
DA:76,31
DA:77,30
DA:79,38
DA:80,21
DA:82,13
DA:89,290
DA:96,22
DA:97,59
DA:99,21
DA:101,13
DA:105,22
DA:106,71
DA:108,38
DA:110,13
DA:114,22
DA:115,67
DA:116,24
DA:118,34
DA:120,17
DA:124,24
DA:125,8
DA:126,73
DA:127,73
DA:128,25
DA:131,6
DA:134,36
DA:136,18
DA:140,22
DA:141,60
DA:143,21
DA:145,13
DA:151,23
DA:152,8
DA:153,73
DA:154,49
DA:155,72
DA:158,36
DA:159,130
DA:161,18
DA:164,99
DA:170,45
DA:176,2
DA:177,8
DA:178,73
DA:179,48
DA:180,30
DA:182,6
DA:184,79
DA:185,69
DA:187,51
DA:188,60
DA:189,60
DA:191,26
DA:193,10
DA:195,20
DA:197,7
DA:201,44
DA:207,2
DA:208,8
DA:209,73
DA:210,48
DA:211,50
DA:213,47
DA:215,6
DA:217,79
DA:218,69
DA:220,51
DA:221,60
DA:222,60
DA:224,100
DA:227,28
DA:229,18
DA:231,7
DA:237,44
DA:243,2
DA:244,8
DA:245,73
DA:246,48
DA:247,50
DA:249,47
DA:251,6
DA:253,79
DA:256,69
DA:258,77
DA:259,60
DA:260,60
DA:262,49
DA:263,100
DA:265,28
DA:267,18
DA:269,7
DA:273,45
DA:279,2
DA:280,8
DA:281,73
DA:282,48
DA:283,50
DA:285,6
DA:287,79
DA:288,69
DA:290,77
DA:291,60
DA:292,72
DA:295,26
DA:297,10
DA:299,20
DA:301,7
DA:307,26
DA:309,1
DA:310,8
DA:311,73
DA:312,46
DA:313,50
DA:317,77
DA:319,24
DA:321,10
DA:323,20
DA:327,25
DA:329,1
DA:330,8
DA:331,73
DA:332,46
DA:333,50
DA:335,47
DA:337,6
DA:339,77
DA:341,49
DA:343,26
DA:345,18
DA:351,45
DA:357,2
DA:358,8
DA:359,73
DA:360,48
DA:362,6
DA:364,2
DA:365,65
DA:367,51
DA:370,7
DA:372,34
DA:375,11
DA:376,15
DA:378,27
DA:379,52
DA:382,88
DA:383,2
DA:386,70
DA:388,77
DA:389,60
DA:390,72
DA:391,77
DA:392,1
DA:393,1
DA:394,50
DA:395,47
DA:396,8
DA:397,26
DA:398,67
DA:401,60
DA:402,60
DA:403,60
DA:404,53
DA:408,24
DA:409,8
DA:412,18
DA:414,10
DA:416,20
DA:418,10
DA:424,25
DA:425,46
DA:427,23
DA:429,15
DA:431,56
DA:433,17
DA:439,23
DA:440,94
DA:442,55
DA:444,26
DA:448,0
DA:450,0
DA:451,0
DA:453,0
DA:454,0
DA:455,0
DA:457,0
DA:459,0
DA:461,0
DA:463,0
DA:464,0
DA:469,6
DA:470,59
DA:476,23
DA:477,8
DA:478,73
DA:480,6
DA:485,6
DA:486,38
DA:487,9
DA:489,16
DA:490,88
DA:491,51
DA:492,60
DA:493,60
DA:495,1
DA:496,34
DA:497,41
DA:500,2
DA:501,74
DA:502,61
DA:503,60
DA:506,22
DA:510,36
DA:517,42
DA:518,55
DA:520,65
DA:522,11
DA:529,8
DA:532,1
DA:534,62
DA:535,52
DA:537,68
DA:538,4
DA:540,8
DA:546,0
DA:547,0
DA:549,0
DA:551,0
DA:552,0
DA:554,0
DA:555,0
end_of_record

SF:/home/giorgio/Documents/FuzzCademy/BootCamp/morpho-blue-second-try/src/interfaces/IERC20.sol
end_of_record

SF:/home/giorgio/Documents/FuzzCademy/BootCamp/morpho-blue-second-try/src/interfaces/IIrm.sol
end_of_record

SF:/home/giorgio/Documents/FuzzCademy/BootCamp/morpho-blue-second-try/src/interfaces/IMorpho.sol
end_of_record

SF:/home/giorgio/Documents/FuzzCademy/BootCamp/morpho-blue-second-try/src/interfaces/IMorphoCallbacks.sol
end_of_record

SF:/home/giorgio/Documents/FuzzCademy/BootCamp/morpho-blue-second-try/src/interfaces/IOracle.sol
end_of_record

SF:/home/giorgio/Documents/FuzzCademy/BootCamp/morpho-blue-second-try/src/libraries/ConstantsLib.sol
DA:5,1
DA:8,3
DA:11,1
DA:14,1
DA:17,1
DA:21,0
end_of_record

SF:/home/giorgio/Documents/FuzzCademy/BootCamp/morpho-blue-second-try/src/libraries/ErrorsLib.sol
DA:8,0
end_of_record

SF:/home/giorgio/Documents/FuzzCademy/BootCamp/morpho-blue-second-try/src/libraries/EventsLib.sol
DA:10,0
end_of_record

SF:/home/giorgio/Documents/FuzzCademy/BootCamp/morpho-blue-second-try/src/libraries/MarketParamsLib.sol
DA:10,0
DA:16,6
DA:18,5
end_of_record

SF:/home/giorgio/Documents/FuzzCademy/BootCamp/morpho-blue-second-try/src/libraries/MathLib.sol
DA:4,9
DA:10,0
DA:12,7
DA:13,8
DA:17,7
DA:18,8
DA:22,7
DA:23,8
DA:27,8
DA:28,17
DA:32,8
DA:33,31
DA:38,7
DA:39,11
DA:40,16
DA:41,16
DA:43,20
end_of_record

SF:/home/giorgio/Documents/FuzzCademy/BootCamp/morpho-blue-second-try/src/libraries/SafeTransferLib.sol
DA:18,0
DA:19,7
DA:20,48
DA:22,6
DA:23,104
DA:24,43
DA:25,46
DA:28,8
DA:29,28
DA:31,6
DA:32,106
DA:33,43
DA:34,46
end_of_record

SF:/home/giorgio/Documents/FuzzCademy/BootCamp/morpho-blue-second-try/src/libraries/SharesMathLib.sol
DA:12,0
DA:20,4
DA:24,4
DA:27,8
DA:28,27
DA:32,8
DA:33,27
DA:37,8
DA:38,27
DA:42,8
DA:43,27
end_of_record

SF:/home/giorgio/Documents/FuzzCademy/BootCamp/morpho-blue-second-try/src/libraries/UtilsLib.sol
DA:11,0
DA:13,7
DA:15,7
DA:20,7
DA:22,11
DA:27,6
DA:28,48
DA:29,3
DA:33,7
DA:35,9
end_of_record

SF:/home/giorgio/Documents/FuzzCademy/BootCamp/morpho-blue-second-try/src/libraries/periphery/MorphoBalancesLib.sol
DA:20,0
end_of_record

SF:/home/giorgio/Documents/FuzzCademy/BootCamp/morpho-blue-second-try/src/libraries/periphery/MorphoLib.sol
DA:12,0
end_of_record

SF:/home/giorgio/Documents/FuzzCademy/BootCamp/morpho-blue-second-try/src/libraries/periphery/MorphoStorageLib.sol
DA:11,0
end_of_record

SF:/home/giorgio/Documents/FuzzCademy/BootCamp/morpho-blue-second-try/src/mocks/ERC20Mock.sol
DA:6,0
DA:7,0
DA:9,0
DA:10,0
DA:12,0
DA:13,0
DA:14,0
DA:16,0
DA:19,0
DA:20,0
DA:22,0
DA:24,0
DA:27,0
DA:28,0
DA:30,0
DA:31,0
DA:33,0
DA:35,0
DA:38,0
DA:39,0
DA:41,0
DA:43,0
DA:45,0
DA:46,0
DA:48,0
DA:50,0
end_of_record

SF:/home/giorgio/Documents/FuzzCademy/BootCamp/morpho-blue-second-try/src/mocks/FlashBorrowerMock.sol
DA:8,0
DA:11,0
DA:12,0
DA:15,0
DA:16,0
DA:19,0
DA:20,0
DA:21,0
DA:22,0
end_of_record

SF:/home/giorgio/Documents/FuzzCademy/BootCamp/morpho-blue-second-try/src/mocks/IrmMock.sol
DA:9,46
DA:12,8
DA:13,16
DA:15,24
DA:19,11
DA:22,40
DA:23,8
end_of_record

SF:/home/giorgio/Documents/FuzzCademy/BootCamp/morpho-blue-second-try/src/mocks/OracleMock.sol
DA:6,46
DA:7,25
DA:9,22
DA:10,6
end_of_record

SF:/home/giorgio/Documents/FuzzCademy/BootCamp/morpho-blue-second-try/src/mocks/Token.sol
DA:7,0
end_of_record

SF:/home/giorgio/Documents/FuzzCademy/BootCamp/morpho-blue-second-try/src/mocks/interfaces/IERC20.sol
end_of_record

SF:/home/giorgio/Documents/FuzzCademy/BootCamp/morpho-blue-second-try/test/recon/BeforeAfter.sol
DA:21,3
DA:22,109
DA:23,119
DA:26,3
DA:27,109
DA:28,119
DA:32,76
DA:34,76
end_of_record

SF:/home/giorgio/Documents/FuzzCademy/BootCamp/morpho-blue-second-try/test/recon/Canaries.sol
DA:13,5
DA:18,55
DA:21,26
DA:22,4
DA:23,81
DA:24,0
DA:25,0
DA:28,26
DA:29,152
DA:30,0
DA:40,8
DA:41,8
DA:44,8
DA:45,8
end_of_record

SF:/home/giorgio/Documents/FuzzCademy/BootCamp/morpho-blue-second-try/test/recon/Clamped.sol
DA:4,0
DA:5,0
end_of_record

SF:/home/giorgio/Documents/FuzzCademy/BootCamp/morpho-blue-second-try/test/recon/CryticTester.sol
DA:11,365
DA:13,8
end_of_record

SF:/home/giorgio/Documents/FuzzCademy/BootCamp/morpho-blue-second-try/test/recon/CryticToFoundry.sol
DA:14,0
DA:17,0
DA:18,0
DA:21,0
DA:25,0
DA:26,0
DA:27,0
DA:28,0
end_of_record

SF:/home/giorgio/Documents/FuzzCademy/BootCamp/morpho-blue-second-try/test/recon/Properties.sol
DA:9,25
DA:10,17
DA:11,34
end_of_record

SF:/home/giorgio/Documents/FuzzCademy/BootCamp/morpho-blue-second-try/test/recon/Setup.sol
DA:18,21
DA:19,21
DA:20,21
DA:21,21
DA:48,5
DA:49,60
DA:53,60
DA:54,60
DA:55,60
DA:56,60
DA:60,43
DA:61,43
DA:62,43
DA:64,60
DA:65,60
DA:66,60
DA:70,26
DA:71,26
DA:72,26
DA:74,50
DA:75,50
DA:76,50
DA:79,24
DA:80,23
end_of_record

SF:/home/giorgio/Documents/FuzzCademy/BootCamp/morpho-blue-second-try/test/recon/TargetFunctions.sol
DA:22,22
DA:23,14
DA:24,46
DA:27,22
DA:28,14
DA:29,46
DA:32,22
DA:33,14
DA:34,46
DA:38,22
DA:39,11
DA:40,171
DA:43,23
DA:44,14
DA:45,87
DA:46,104
DA:49,9
DA:51,26
DA:52,50
DA:55,22
DA:56,69
DA:59,22
DA:60,69
DA:63,22
DA:64,10
DA:65,69
DA:66,34
DA:69,22
DA:70,14
DA:71,94
DA:74,22
DA:75,81
DA:78,25
DA:80,2
DA:81,14
DA:82,14
DA:83,14
DA:84,14
DA:86,26
DA:87,29
DA:89,38
DA:90,26
DA:91,26
DA:92,26
DA:93,26
DA:94,17
DA:97,69
DA:99,18
DA:101,150
DA:103,117
DA:109,23
DA:110,16
DA:111,71
DA:114,22
DA:115,10
DA:116,71
DA:119,23
DA:120,16
DA:121,56
DA:124,22
DA:125,83
DA:128,23
DA:129,92
DA:132,22
DA:133,6
DA:136,22
DA:137,6
DA:140,22
DA:141,95
DA:144,23
DA:145,114
DA:148,22
DA:149,6
DA:157,22
DA:158,6
DA:161,22
DA:162,114
DA:165,22
DA:166,114
DA:169,23
DA:170,102
DA:173,22
DA:174,6
DA:181,22
DA:182,6
DA:185,8
DA:186,69
DA:189,23
DA:190,102
DA:193,22
DA:194,6
DA:197,23
DA:198,5
DA:199,5
DA:201,31
DA:202,4
DA:206,24
DA:207,109
DA:208,95
DA:209,6
DA:212,22
DA:213,6
end_of_record

SF:/home/giorgio/Documents/FuzzCademy/BootCamp/morpho-blue-second-try/test/recon/mocks/ExampleToken.sol
DA:6,80
DA:7,7
DA:9,23
DA:10,6
end_of_record

