TN:
SF:/home/giorgio/Documents/FuzzCademy/BootCamp/morpho-blue/lib/chimera/src/Asserts.sol
DA:1,0
end_of_record

SF:/home/giorgio/Documents/FuzzCademy/BootCamp/morpho-blue/lib/chimera/src/BaseProperties.sol
end_of_record

SF:/home/giorgio/Documents/FuzzCademy/BootCamp/morpho-blue/lib/chimera/src/BaseSetup.sol
end_of_record

SF:/home/giorgio/Documents/FuzzCademy/BootCamp/morpho-blue/lib/chimera/src/BaseTargetFunctions.sol
end_of_record

SF:/home/giorgio/Documents/FuzzCademy/BootCamp/morpho-blue/lib/chimera/src/CryticAsserts.sol
DA:6,0
end_of_record

SF:/home/giorgio/Documents/FuzzCademy/BootCamp/morpho-blue/lib/chimera/src/FoundryAsserts.sol
DA:7,0
end_of_record

SF:/home/giorgio/Documents/FuzzCademy/BootCamp/morpho-blue/lib/chimera/src/Hevm.sol
DA:54,0
end_of_record

SF:/home/giorgio/Documents/FuzzCademy/BootCamp/morpho-blue/lib/forge-std/src/Base.sol
end_of_record

SF:/home/giorgio/Documents/FuzzCademy/BootCamp/morpho-blue/lib/forge-std/src/StdAssertions.sol
DA:8,0
DA:38,0
DA:39,0
DA:40,0
DA:42,0
end_of_record

SF:/home/giorgio/Documents/FuzzCademy/BootCamp/morpho-blue/lib/forge-std/src/StdChains.sol
DA:66,0
end_of_record

SF:/home/giorgio/Documents/FuzzCademy/BootCamp/morpho-blue/lib/forge-std/src/StdCheats.sol
end_of_record

SF:/home/giorgio/Documents/FuzzCademy/BootCamp/morpho-blue/lib/forge-std/src/StdError.sol
DA:5,0
DA:6,0
DA:7,0
DA:8,0
DA:9,0
DA:10,0
DA:11,0
DA:12,0
DA:13,0
DA:14,0
end_of_record

SF:/home/giorgio/Documents/FuzzCademy/BootCamp/morpho-blue/lib/forge-std/src/StdInvariant.sol
DA:84,0
DA:88,0
DA:92,0
DA:96,0
DA:100,0
DA:104,0
DA:108,0
DA:112,0
DA:116,0
DA:120,0
end_of_record

SF:/home/giorgio/Documents/FuzzCademy/BootCamp/morpho-blue/lib/forge-std/src/StdJson.sol
DA:25,0
end_of_record

SF:/home/giorgio/Documents/FuzzCademy/BootCamp/morpho-blue/lib/forge-std/src/StdMath.sol
DA:4,0
end_of_record

SF:/home/giorgio/Documents/FuzzCademy/BootCamp/morpho-blue/lib/forge-std/src/StdStorage.sol
DA:24,0
DA:334,0
end_of_record

SF:/home/giorgio/Documents/FuzzCademy/BootCamp/morpho-blue/lib/forge-std/src/StdStyle.sol
DA:6,0
end_of_record

SF:/home/giorgio/Documents/FuzzCademy/BootCamp/morpho-blue/lib/forge-std/src/StdToml.sol
DA:25,0
end_of_record

SF:/home/giorgio/Documents/FuzzCademy/BootCamp/morpho-blue/lib/forge-std/src/StdUtils.sol
end_of_record

SF:/home/giorgio/Documents/FuzzCademy/BootCamp/morpho-blue/lib/forge-std/src/Test.sol
DA:32,0
end_of_record

SF:/home/giorgio/Documents/FuzzCademy/BootCamp/morpho-blue/lib/forge-std/src/Vm.sol
end_of_record

SF:/home/giorgio/Documents/FuzzCademy/BootCamp/morpho-blue/lib/forge-std/src/console.sol
DA:4,0
end_of_record

SF:/home/giorgio/Documents/FuzzCademy/BootCamp/morpho-blue/lib/forge-std/src/console2.sol
end_of_record

SF:/home/giorgio/Documents/FuzzCademy/BootCamp/morpho-blue/lib/forge-std/src/interfaces/IERC165.sol
end_of_record

SF:/home/giorgio/Documents/FuzzCademy/BootCamp/morpho-blue/lib/forge-std/src/interfaces/IERC20.sol
end_of_record

SF:/home/giorgio/Documents/FuzzCademy/BootCamp/morpho-blue/lib/forge-std/src/interfaces/IERC721.sol
end_of_record

SF:/home/giorgio/Documents/FuzzCademy/BootCamp/morpho-blue/lib/forge-std/src/interfaces/IMulticall3.sol
end_of_record

SF:/home/giorgio/Documents/FuzzCademy/BootCamp/morpho-blue/lib/forge-std/src/mocks/MockERC20.sol
DA:8,0
DA:24,0
DA:28,0
DA:42,0
DA:50,0
DA:61,0
DA:73,0
DA:76,0
DA:77,0
DA:79,0
DA:80,0
DA:90,0
DA:92,0
DA:98,0
DA:99,0
DA:101,0
DA:107,0
DA:109,0
DA:111,0
DA:112,0
DA:114,0
DA:127,0
DA:129,0
DA:130,0
DA:131,0
DA:133,0
DA:134,0
DA:135,0
DA:136,0
DA:142,0
DA:153,0
DA:155,0
DA:157,0
DA:160,0
DA:161,0
DA:164,0
DA:165,0
DA:166,0
DA:167,0
DA:168,0
DA:169,0
DA:171,0
DA:198,0
DA:200,0
DA:204,0
DA:205,0
DA:219,0
end_of_record

SF:/home/giorgio/Documents/FuzzCademy/BootCamp/morpho-blue/lib/forge-std/src/mocks/MockERC721.sol
DA:8,0
DA:22,0
DA:36,0
DA:40,0
DA:42,0
DA:58,0
DA:71,0
DA:74,0
DA:84,0
DA:86,0
DA:90,0
DA:94,0
DA:96,0
DA:99,0
DA:100,0
DA:102,0
DA:104,0
DA:105,0
DA:111,0
DA:117,0
DA:119,0
DA:123,0
DA:125,0
DA:126,0
DA:127,0
DA:139,0
DA:141,0
DA:142,0
DA:143,0
DA:154,0
DA:155,0
DA:156,0
DA:225,0
DA:229,0
end_of_record

SF:/home/giorgio/Documents/FuzzCademy/BootCamp/morpho-blue/lib/forge-std/src/safeconsole.sol
DA:6,0
end_of_record

SF:/home/giorgio/Documents/FuzzCademy/BootCamp/morpho-blue/lib/openzeppelin-contracts/contracts/token/ERC20/ERC20.sol
DA:35,0
DA:55,0
DA:56,1
DA:63,0
DA:88,0
DA:95,0
DA:115,4
DA:123,0
DA:138,3
DA:165,8
DA:183,0
DA:204,0
DA:206,0
DA:226,2
DA:231,4
DA:232,3
DA:237,4
DA:245,2
DA:260,3
DA:264,6
DA:269,2
DA:316,2
DA:321,7
DA:322,3
DA:324,1
DA:325,2
DA:342,15
DA:343,3
DA:345,5
end_of_record

SF:/home/giorgio/Documents/FuzzCademy/BootCamp/morpho-blue/lib/openzeppelin-contracts/contracts/token/ERC20/IERC20.sol
end_of_record

SF:/home/giorgio/Documents/FuzzCademy/BootCamp/morpho-blue/lib/openzeppelin-contracts/contracts/token/ERC20/extensions/IERC20Metadata.sol
end_of_record

SF:/home/giorgio/Documents/FuzzCademy/BootCamp/morpho-blue/lib/openzeppelin-contracts/contracts/utils/Context.sol
DA:18,6
end_of_record

SF:/home/giorgio/Documents/FuzzCademy/BootCamp/morpho-blue/src/Morpho.sol
DA:39,2867
DA:50,0
DA:57,0
DA:59,0
DA:61,0
DA:65,0
DA:67,0
DA:69,0
DA:71,0
DA:77,2
DA:79,10
DA:82,3
DA:89,23
DA:97,8
DA:101,4
DA:106,3
DA:108,1
DA:110,4
DA:115,5
DA:116,6
DA:120,2
DA:126,11
DA:127,6
DA:128,7
DA:131,4
DA:134,3
DA:136,2
DA:141,9
DA:145,4
DA:153,8
DA:154,8
DA:155,13
DA:158,3
DA:159,1
DA:161,2
DA:164,52
DA:178,12
DA:179,4
DA:180,2
DA:182,6
DA:184,14
DA:185,5
DA:187,4
DA:188,10
DA:189,9
DA:191,6
DA:193,3
DA:195,6
DA:209,13
DA:210,4
DA:211,2
DA:213,6
DA:215,6
DA:217,15
DA:218,5
DA:220,4
DA:221,10
DA:222,9
DA:224,8
DA:227,4
DA:229,4
DA:245,8
DA:246,4
DA:247,7
DA:249,6
DA:251,6
DA:253,19
DA:256,7
DA:258,16
DA:259,12
DA:260,14
DA:262,12
DA:263,10
DA:265,4
DA:267,6
DA:281,8
DA:282,2
DA:283,2
DA:285,6
DA:287,15
DA:288,7
DA:290,10
DA:291,0
DA:292,0
DA:295,0
DA:297,0
DA:299,0
DA:311,8
DA:312,2
DA:313,7
DA:317,11
DA:319,6
DA:321,3
DA:323,10
DA:331,8
DA:332,7
DA:333,7
DA:335,7
DA:337,6
DA:339,11
DA:341,8
DA:343,4
DA:345,4
DA:359,7
DA:360,4
DA:362,6
DA:365,40
DA:367,10
DA:372,0
DA:375,0
DA:378,0
DA:379,0
DA:382,0
DA:386,0
DA:388,0
DA:389,1
DA:390,0
DA:391,0
DA:392,0
DA:393,0
DA:394,0
DA:395,0
DA:397,0
DA:398,0
DA:401,0
DA:402,0
DA:403,0
DA:404,0
DA:408,0
DA:409,0
DA:412,0
DA:414,0
DA:416,1
DA:425,7
DA:427,12
DA:429,5
DA:431,37
DA:433,9
DA:440,16
DA:442,2
DA:444,3
DA:450,0
DA:451,0
DA:453,0
DA:454,0
DA:455,0
DA:457,0
DA:459,0
DA:461,0
DA:463,0
DA:469,5
DA:470,12
DA:478,6
DA:480,1
DA:485,5
DA:486,13
DA:487,15
DA:489,20
DA:490,52
DA:491,4
DA:492,11
DA:493,9
DA:495,1
DA:496,19
DA:501,9
DA:502,4
DA:503,10
DA:506,2
DA:510,1
DA:517,7
DA:518,10
DA:520,49
DA:522,10
DA:529,6
DA:534,9
DA:535,2
DA:537,1
DA:538,2
DA:540,2
DA:551,0
DA:552,0
DA:554,0
end_of_record

SF:/home/giorgio/Documents/FuzzCademy/BootCamp/morpho-blue/src/interfaces/IERC20.sol
end_of_record

SF:/home/giorgio/Documents/FuzzCademy/BootCamp/morpho-blue/src/interfaces/IIrm.sol
end_of_record

SF:/home/giorgio/Documents/FuzzCademy/BootCamp/morpho-blue/src/interfaces/IMorpho.sol
end_of_record

SF:/home/giorgio/Documents/FuzzCademy/BootCamp/morpho-blue/src/interfaces/IMorphoCallbacks.sol
end_of_record

SF:/home/giorgio/Documents/FuzzCademy/BootCamp/morpho-blue/src/interfaces/IOracle.sol
end_of_record

SF:/home/giorgio/Documents/FuzzCademy/BootCamp/morpho-blue/src/libraries/ConstantsLib.sol
DA:5,7
DA:8,1
DA:11,0
DA:14,0
DA:17,23
DA:21,0
end_of_record

SF:/home/giorgio/Documents/FuzzCademy/BootCamp/morpho-blue/src/libraries/ErrorsLib.sol
DA:8,0
DA:10,63
DA:16,40
DA:19,39
DA:22,10
DA:25,6
DA:28,213
DA:31,16
DA:37,34
DA:43,113
DA:46,45
DA:52,16
DA:58,0
DA:61,0
DA:67,17
DA:73,5
end_of_record

SF:/home/giorgio/Documents/FuzzCademy/BootCamp/morpho-blue/src/libraries/EventsLib.sol
DA:10,0
end_of_record

SF:/home/giorgio/Documents/FuzzCademy/BootCamp/morpho-blue/src/libraries/MarketParamsLib.sol
DA:10,0
DA:17,30
end_of_record

SF:/home/giorgio/Documents/FuzzCademy/BootCamp/morpho-blue/src/libraries/MathLib.sol
DA:4,10
DA:10,0
DA:28,54
DA:32,3
DA:33,13
DA:39,6
DA:43,9
end_of_record

SF:/home/giorgio/Documents/FuzzCademy/BootCamp/morpho-blue/src/libraries/SafeTransferLib.sol
DA:18,0
DA:19,8
DA:20,8
DA:23,37
DA:24,4
DA:25,30
DA:28,8
DA:29,8
DA:32,30
DA:33,4
DA:34,29
end_of_record

SF:/home/giorgio/Documents/FuzzCademy/BootCamp/morpho-blue/src/libraries/SharesMathLib.sol
DA:12,0
DA:20,4
DA:24,4
DA:27,1
DA:32,2
DA:37,2
DA:38,4
DA:42,3
DA:43,4
end_of_record

SF:/home/giorgio/Documents/FuzzCademy/BootCamp/morpho-blue/src/libraries/UtilsLib.sol
DA:11,0
DA:14,21
DA:21,0
DA:27,3
DA:28,9
DA:34,0
end_of_record

SF:/home/giorgio/Documents/FuzzCademy/BootCamp/morpho-blue/src/libraries/periphery/MorphoBalancesLib.sol
DA:20,0
end_of_record

SF:/home/giorgio/Documents/FuzzCademy/BootCamp/morpho-blue/src/libraries/periphery/MorphoLib.sol
DA:12,0
end_of_record

SF:/home/giorgio/Documents/FuzzCademy/BootCamp/morpho-blue/src/libraries/periphery/MorphoStorageLib.sol
DA:11,0
end_of_record

SF:/home/giorgio/Documents/FuzzCademy/BootCamp/morpho-blue/src/mocks/ERC20Mock.sol
DA:6,0
DA:9,0
DA:10,0
DA:13,0
DA:14,0
DA:20,0
DA:22,0
DA:28,0
DA:30,0
DA:31,0
DA:33,0
DA:39,0
DA:41,0
DA:43,0
DA:45,0
DA:46,0
DA:48,0
end_of_record

SF:/home/giorgio/Documents/FuzzCademy/BootCamp/morpho-blue/src/mocks/FlashBorrowerMock.sol
DA:8,0
DA:12,0
DA:16,0
DA:20,0
DA:21,0
DA:22,0
end_of_record

SF:/home/giorgio/Documents/FuzzCademy/BootCamp/morpho-blue/src/mocks/IrmMock.sol
DA:9,274
DA:12,9
DA:13,11
DA:15,2
DA:19,1
end_of_record

SF:/home/giorgio/Documents/FuzzCademy/BootCamp/morpho-blue/src/mocks/OracleMock.sol
DA:6,75
end_of_record

SF:/home/giorgio/Documents/FuzzCademy/BootCamp/morpho-blue/src/mocks/Token.sol
DA:7,0
end_of_record

SF:/home/giorgio/Documents/FuzzCademy/BootCamp/morpho-blue/src/mocks/interfaces/IERC20.sol
end_of_record

SF:/home/giorgio/Documents/FuzzCademy/BootCamp/morpho-blue/test/recon/BeforeAfter.sol
end_of_record

SF:/home/giorgio/Documents/FuzzCademy/BootCamp/morpho-blue/test/recon/CryticTester.sol
DA:12,3217
end_of_record

SF:/home/giorgio/Documents/FuzzCademy/BootCamp/morpho-blue/test/recon/CryticToFoundry.sol
DA:13,0
DA:42,0
DA:44,0
DA:46,0
DA:47,0
DA:55,0
end_of_record

SF:/home/giorgio/Documents/FuzzCademy/BootCamp/morpho-blue/test/recon/FuzzHelper.sol
DA:6,0
DA:7,4
DA:8,2
DA:9,1
DA:10,3
DA:11,7
DA:12,4
DA:13,2
DA:14,2
DA:15,2
DA:17,11
DA:18,13
DA:32,39
DA:33,34
DA:34,29
DA:35,29
DA:36,29
DA:37,29
DA:38,29
DA:39,29
DA:40,29
DA:41,29
DA:42,28
DA:44,24
end_of_record

SF:/home/giorgio/Documents/FuzzCademy/BootCamp/morpho-blue/test/recon/ProgrammaticTarget.sol
DA:18,24
DA:23,21
DA:27,23
DA:31,5
DA:34,1
DA:35,7
DA:37,36
DA:39,18
DA:40,4
DA:41,5
DA:43,1
DA:44,1
DA:47,46
DA:48,38
DA:50,45
DA:51,35
DA:53,31
DA:54,2
DA:55,2
DA:59,4
DA:61,1
DA:63,23
DA:67,5
DA:68,1
DA:69,18
DA:72,5
DA:73,3
DA:74,15
DA:78,5
DA:79,1
DA:81,15
DA:85,6
DA:86,4
DA:88,48
DA:94,5
DA:95,1
DA:97,24
DA:108,4
DA:109,1
DA:110,41
DA:112,16
DA:120,1
DA:123,1
DA:124,15
DA:131,3
DA:132,1
DA:134,1
DA:135,16
DA:140,1
DA:142,1
DA:143,7
DA:146,12
DA:148,2
DA:149,5
DA:150,1
DA:152,17
DA:158,1
DA:160,1
DA:161,8
DA:164,12
DA:166,4
DA:167,5
DA:168,1
DA:170,15
DA:176,44
DA:177,2
DA:178,35
DA:182,5
DA:183,1
DA:185,25
DA:191,24
DA:196,5
DA:197,1
DA:198,30
end_of_record

SF:/home/giorgio/Documents/FuzzCademy/BootCamp/morpho-blue/test/recon/Properties.sol
end_of_record

SF:/home/giorgio/Documents/FuzzCademy/BootCamp/morpho-blue/test/recon/Setup.sol
DA:18,10
DA:23,7
DA:26,26
DA:27,28
DA:28,33
DA:29,28
DA:30,28
DA:34,34
DA:35,31
DA:37,10
DA:45,32
DA:49,44
DA:50,41
DA:52,44
DA:53,34
end_of_record

SF:/home/giorgio/Documents/FuzzCademy/BootCamp/morpho-blue/test/recon/TargetFunctions.sol
DA:15,0
DA:18,0
DA:19,0
DA:25,0
DA:29,0
DA:35,0
DA:36,0
DA:40,0
DA:44,0
DA:45,0
DA:48,0
DA:49,0
DA:54,0
DA:55,0
DA:59,0
DA:60,0
DA:65,0
DA:67,0
DA:69,0
DA:70,0
DA:72,0
DA:78,0
DA:82,0
DA:83,0
DA:86,0
DA:93,0
DA:95,0
DA:97,0
DA:98,0
DA:101,0
DA:106,0
DA:108,0
DA:110,0
DA:111,0
DA:114,0
DA:118,0
DA:120,0
DA:122,0
DA:123,0
DA:126,0
DA:130,0
DA:132,0
DA:134,0
DA:135,0
DA:137,0
DA:142,0
DA:144,0
DA:146,0
DA:147,0
DA:152,0
DA:157,0
DA:159,0
DA:161,0
DA:162,0
DA:164,0
DA:168,0
DA:172,0
DA:173,0
DA:176,0
DA:177,0
DA:181,0
DA:185,0
DA:186,0
DA:189,0
DA:193,0
DA:197,0
DA:198,0
DA:200,0
DA:204,0
DA:208,0
DA:209,0
DA:211,0
DA:215,0
DA:219,0
DA:221,0
DA:223,0
DA:224,0
DA:226,0
end_of_record

SF:/home/giorgio/Documents/FuzzCademy/BootCamp/morpho-blue/test/recon/mocks/ExampleToken.sol
DA:6,631
end_of_record

